#
# A fatal error has been detected by the Java Runtime Environment:
#
#  SIGSEGV (0xb) at pc=0x00007f13980f4ce6, pid=8469, tid=10650
#
# JRE version: OpenJDK Runtime Environment (15.0.2+7) (build 15.0.2+7-27)
# Java VM: OpenJDK 64-Bit Server VM (15.0.2+7-27, mixed mode, tiered, compressed oops, g1 gc, linux-amd64)
# Problematic frame:
# C  [libjimage.so+0x3ce6]  ImageDecompressor::decompress_resource(unsigned char*, unsigned char*, unsigned long long, ImageStrings const*, Endian*)+0x26
#
# Core dump will be written. Default location: Core dumps may be processed with "/lib/systemd/systemd-coredump %P %u %g %s %t 9223372036854775808 %h" (or dumping to /home/digital/ws-spring/app-digital-web/digital-web/back/api-digital/core.8469)
#
# If you would like to submit a bug report, please visit:
#   https://bugreport.java.com/bugreport/crash.jsp
#

---------------  S U M M A R Y ------------

Command Line: -XX:+ShowCodeDetailsInExceptionMessages -agentlib:jdwp=transport=dt_socket,suspend=y,address=localhost:38241 -Dcom.sun.management.jmxremote -Dcom.sun.management.jmxremote.port=45221 -Dcom.sun.management.jmxremote.authenticate=false -Dcom.sun.management.jmxremote.ssl=false -Djava.rmi.server.hostname=localhost -Dspring.jmx.enabled=true -Dspring.application.admin.enabled=true -Djava.security.egd=file:/dev/./urandom -XX:TieredStopAtLevel=1 -Dspring.boot.project.name=api-digital -javaagent:/home/digital/sts-4.10.0.RELEASE/configuration/org.eclipse.osgi/248/0/.cp/lib/javaagent-shaded.jar -Dfile.encoding=UTF-8 br.com.apidigitalweb.ApiDigitalApplication --spring.output.ansi.enabled=always

Host: Intel(R) Core(TM) i5-8265U CPU @ 1.60GHz, 8 cores, 7G, Linux Mint 20.2 Uma
Time: Fri Aug 20 13:39:58 2021 -03 elapsed time: 2387.513958 seconds (0d 0h 39m 47s)

---------------  T H R E A D  ---------------

Current thread (0x00007f131c2286a0):  JavaThread "http-nio-8080-exec-9" daemon [_thread_in_vm, id=10650, stack(0x00007f12cddf5000,0x00007f12cdef6000)]

Stack: [0x00007f12cddf5000,0x00007f12cdef6000],  sp=0x00007f12cdef32b0,  free space=1016k
Native frames: (J=compiled Java code, A=aot compiled Java code, j=interpreted, Vv=VM code, C=native code)
C  [libjimage.so+0x3ce6]  ImageDecompressor::decompress_resource(unsigned char*, unsigned char*, unsigned long long, ImageStrings const*, Endian*)+0x26
C  [libjimage.so+0x500e]  ImageFileReader::get_resource(ImageLocation&, unsigned char*) const+0x6e
C  [libjimage.so+0x5293]  ImageFileReader::get_resource(unsigned int, unsigned char*) const+0x53
C  [libjimage.so+0x5432]  JIMAGE_GetResource+0x12
V  [libjvm.so+0x4ea50d]