#
# A fatal error has been detected by the Java Runtime Environment:
#
#  SIGSEGV (0xb) at pc=0x00007f4deddf1243, pid=2557, tid=37005
#
# JRE version: OpenJDK Runtime Environment (15.0.2+7) (build 15.0.2+7-27)
# Java VM: OpenJDK 64-Bit Server VM (15.0.2+7-27, mixed mode, tiered, compressed oops, g1 gc, linux-amd64)
# Problematic frame:
# J 539 c1 java.nio.DirectByteBuffer.get()B java.base@15.0.2 (32 bytes) @ 0x00007f4deddf1243 [0x00007f4deddf11c0+0x0000000000000083]
#
# Core dump will be written. Default location: Core dumps may be processed with "/lib/systemd/systemd-coredump %P %u %g %s %t 9223372036854775808 %h" (or dumping to /home/digital/ws-spring/app-digital-web/digital-web/back/api-digital/core.2557)
#
# If you would like to submit a bug report, please visit:
#   https://bugreport.java.com/bugreport/crash.jsp
#

---------------  S U M M A R Y ------------

Command Line: -XX:+ShowCodeDetailsInExceptionMessages -agentlib:jdwp=transport=dt_socket,suspend=y,address=localhost:46483 -Dcom.sun.management.jmxremote -Dcom.sun.management.jmxremote.port=35915 -Dcom.sun.management.jmxremote.authenticate=false -Dcom.sun.management.jmxremote.ssl=false -Djava.rmi.server.hostname=localhost -Dspring.jmx.enabled=true -Dspring.application.admin.enabled=true -Djava.security.egd=file:/dev/./urandom -XX:TieredStopAtLevel=1 -Dspring.boot.project.name=api-digital -javaagent:/home/digital/sts-4.10.0.RELEASE/configuration/org.eclipse.osgi/248/0/.cp/lib/javaagent-shaded.jar -Dfile.encoding=UTF-8 br.com.apidigitalweb.ApiDigitalApplication --spring.output.ansi.enabled=always

Host: Intel(R) Core(TM) i5-8265U CPU @ 1.60GHz, 8 cores, 7G, Linux Mint 20.2 Uma
Time: Wed Aug  4 08:16:37 2021 -03 elapsed time: 53317.137585 seconds (0d 14h 48m 37s)

---------------  T H R E A D  ---------------

Current thread (0x00007f4d69dc47b0):  JavaThread "restartedMain" [_thread_in_Java, id=37005, stack(0x00007f4d2feff000,0x00007f4d30000000)]

Stack: [0x00007f4d2feff000,0x00007f4d30000000],  sp=0x00007f4d2fffbd60,  free space=1011k
Native frames: (J=compiled Java code, A=aot compiled Java code, j=interpreted, Vv=VM code, C=native code)
J 539 c1 java.nio.DirectByteBuffer.get()B java.base@15.0.2 (32 bytes) @ 0x00007f4deddf1243 [0x00007f4deddf11c0+0x0000000000000083]
J 1171 c1 jdk.internal.jimage.ImageStringsReader.charsFromByteBufferLength(Ljava/nio/ByteBuffer;)I java.base@15.0.2 (47 bytes) @ 0x00007f4dedeeeb9c [0x00007f4dedeeeb40+0x000000000000005c]
J 1185 c1 jdk.internal.jimage.BasicImageReader.getString(I)Ljava/lang/String; java.base@15.0.2 (49 bytes) @ 0x00007f4dedef3b44 [0x00007f4dedef3a20+0x0000000000000124]
J 4039 c1 jdk.internal.jimage.ImageLocation.verifyName(Ljava/lang/String;II[JLjdk/internal/jimage/ImageStrings;)Z java.base@15.0.2 (187 bytes) @ 0x00007f4dee3e2944 [0x00007f4dee3e26e0+0x0000000000000264]
J 1234 c1 jdk.internal.jimage.ImageLocation.verify(Ljava/lang/String;Ljava/lang/String;[JLjdk/internal/jimage/ImageStrings;)Z java.base@15.0.2 (50 bytes) @ 0x00007f4dedf2ca74 [0x00007f4dedf2c980+0x00000000000000f4]
J 1134 c1 jdk.internal.jimage.BasicImageReader.findLocation(Ljava/lang/String;Ljava/lang/String;)Ljdk/internal/jimage/ImageLocation; java.base@15.0.2 (115 bytes) @ 0x00007f4deded369c [0x00007f4deded3440+0x000000000000025c]
J 1179 c1 jdk.internal.module.SystemModuleFinders$SystemModuleReader.findImageLocation(Ljava/lang/String;)Ljdk/internal/jimage/ImageLocation; java.base@15.0.2 (42 bytes) @ 0x00007f4dedef1194 [0x00007f4dedef1100+0x0000000000000094]
J 1180 c1 jdk.internal.module.SystemModuleFinders$SystemModuleReader.find(Ljava/lang/String;)Ljava/util/Optional; java.base@15.0.2 (54 bytes) @ 0x00007f4dedef19b4 [0x00007f4dedef1960+0x0000000000000054]
J 2328 c1 jdk.internal.loader.BuiltinClassLoader$2.run()Ljava/util/List; java.base@15.0.2 (114 bytes) @ 0x00007f4dee0ca334 [0x00007f4dee0ca220+0x0000000000000114]
J 3010 c1 jdk.internal.loader.BuiltinClassLoader.findMiscResource(Ljava/lang/String;)Ljava/util/List; java.base@15.0.2 (122 bytes) @ 0x00007f4dee20ab74 [0x00007f4dee20a780+0x00000000000003f4]
J 2915 c1 jdk.internal.loader.BuiltinClassLoader.findResource(Ljava/lang/String;)Ljava/net/URL; java.base@15.0.2 (154 bytes) @ 0x00007f4dee1e49a4 [0x00007f4dee1e47e0+0x00000000000001c4]
J 3029 c1 java.lang.ClassLoader.getResource(Ljava/lang/String;)Ljava/net/URL; java.base@15.0.2 (41 bytes) @ 0x00007f4dee211d94 [0x00007f4dee211ce0+0x00000000000000b4]
J 3029 c1 java.lang.ClassLoader.getResource(Ljava/lang/String;)Ljava/net/URL; java.base@15.0.2 (41 bytes) @ 0x00007f4dee211d4c [0x00007f4dee211ce0+0x000000000000006c]
J 3148 c1 org.springframework.boot.devtools.restart.classloader.RestartClassLoader.getResource(Ljava/lang/String;)Ljava/net/URL; (48 bytes) @ 0x00007f4dee242484 [0x00007f4dee242200+0x0000000000000284]
J 3210 c1 java.net.URLClassLoader.getResourceAsStream(Ljava/lang/String;)Ljava/io/InputStream; java.base@15.0.2 (142 bytes) @ 0x00007f4dee25eba4 [0x00007f4dee25eb40+0x0000000000000064]
J 3212 c1 org.springframework.core.io.ClassPathResource.getInputStream()Ljava/io/InputStream; (88 bytes) @ 0x00007f4dee26015c [0x00007f4dee2600e0+0x000000000000007c]
J 2852 c1 org.springframework.core.type.classreading.SimpleMetadataReader.getClassReader(Lorg/springframework/core/io/Resource;)Lorg/springframework/asm/ClassReader; (119 bytes) @ 0x00007f4dee1cddcc [0x00007f4dee1cdda0+0x000000000000002c]
J 2848 c1 org.springframework.core.type.classreading.SimpleMetadataReader.<init>(Lorg/springframework/core/io/Resource;Ljava/lang/ClassLoader;)V (37 bytes) @ 0x00007f4dee1c919c [0x00007f4dee1c90e0+0x00000000000000bc]
J 3037 c1 org.springframework.boot.type.classreading.ConcurrentReferenceCachingMetadataReaderFactory.getMetadataReader(Lorg/springframework/core/io/Resource;)Lorg/springframework/core/type/classreading/MetadataReader; (38 bytes) @ 0x00007f4dee21568c [0x00007f4dee215560+0x000000000000012c]
J 3036 c1 org.springframework.core.type.classreading.SimpleMetadataReaderFactory.getMetadataReader(Ljava/lang/String;)Lorg/springframework/core/type/classreading/MetadataReader; (156 bytes) @ 0x00007f4dee213f7c [0x00007f4dee213d00+0x000000000000027c]
J 3043 c1 org.springframework.context.annotation.ConfigurationClassParser.asSourceClass(Ljava/lang/String;Ljava/util/function/Predicate;)Lorg/springframework/context/annotation/ConfigurationClassParser$SourceClass; (103 bytes) @ 0x00007f4dee21732c [0x00007f4dee216f00+0x000000000000042c]
J 3536 c1 org.springframework.context.annotation.ConfigurationClassParser$SourceClass.getMemberClasses()Ljava/util/Collection; (244 bytes) @ 0x00007f4dee2f182c [0x00007f4dee2f1300+0x000000000000052c]
J 3535 c1 org.springframework.context.annotation.ConfigurationClassParser.processMemberClasses(Lorg/springframework/context/annotation/ConfigurationClass;Lorg/springframework/context/annotation/ConfigurationClassParser$SourceClass;Ljava/util/function/Predicate;)V (230 bytes) @ 0x00007f4dee2ef9bc [0x00007f4dee2ef960+0x000000000000005c]
J 10895 c1 org.springframework.context.annotation.ConfigurationClassParser.doProcessConfigurationClass(Lorg/springframework/context/annotation/ConfigurationClass;Lorg/springframework/context/annotation/ConfigurationClassParser$SourceClass;Ljava/util/function/Predicate;)Lorg/springframework/context/annotation/ConfigurationClassParser$SourceClass; (540 bytes) @ 0x00007f4deef8ac1c [0x00007f4deef8ab40+0x00000000000000dc]
J 3490 c1 org.springframework.context.annotation.ConfigurationClassParser.processConfigurationClass(Lorg/springframework/context/annotation/ConfigurationClass;Ljava/util/function/Predicate;)V (129 bytes) @ 0x00007f4dee2d84dc [0x00007f4dee2d82c0+0x000000000000021c]
J 10897 c1 org.springframework.context.annotation.ConfigurationClassParser.processImports(Lorg/springframework/context/annotation/ConfigurationClass;Lorg/springframework/context/annotation/ConfigurationClassParser$SourceClass;Ljava/util/Collection;Ljava/util/function/Predicate;Z)V (376 bytes) @ 0x00007f4deef8e61c [0x00007f4deef8e0a0+0x000000000000057c]
J 17494 c1 org.springframework.context.annotation.ConfigurationClassParser$DeferredImportSelectorGroupingHandler.lambda$processGroupImports$1(Ljava/util/function/Predicate;Lorg/springframework/context/annotation/DeferredImportSelector$Group$Entry;)V (104 bytes) @ 0x00007f4defbcf504 [0x00007f4defbcf360+0x00000000000001a4]
J 17493 c1 org.springframework.context.annotation.ConfigurationClassParser$DeferredImportSelectorGroupingHandler$$Lambda$449+0x000000010038bae8.accept(Ljava/lang/Object;)V (16 bytes) @ 0x00007f4defbcef9c [0x00007f4defbcef20+0x000000000000007c]
J 7630 c1 java.util.ArrayList.forEach(Ljava/util/function/Consumer;)V java.base@15.0.2 (74 bytes) @ 0x00007f4dee9b6984 [0x00007f4dee9b68e0+0x00000000000000a4]
j  org.springframework.context.annotation.ConfigurationClassParser$DeferredImportSelectorGroupingHandler.processGroupImports()V+50
j  org.springframework.context.annotation.ConfigurationClassParser$DeferredImportSelectorHandler.process()V+54
j  org.springframework.context.annotation.ConfigurationClassParser.parse(Ljava/util/Set;)V+171
j  org.springframework.context.annotation.ConfigurationClassPostProcessor.processConfigBeanDefinitions(Lorg/springframework/beans/factory/support/BeanDefinitionRegistry;)V+308
j  org.springframework.context.annotation.ConfigurationClassPostProcessor.postProcessBeanDefinitionRegistry(Lorg/springframework/beans/factory/support/BeanDefinitionRegistry;)V+107
j  org.springframework.context.support.PostProcessorRegistrationDelegate.invokeBeanDefinitionRegistryPostProcessors(Ljava/util/Collection;Lorg/springframework/beans/factory/support/BeanDefinitionRegistry;Lorg/springframework/core/metrics/ApplicationStartup;)V+59
j  org.springframework.context.support.PostProcessorRegistrationDelegate.invokeBeanFactoryPostProcessors(Lorg/springframework/beans/factory/config/ConfigurableListableBeanFactory;Ljava/util/List;)V+235
j  org.springframework.context.support.AbstractApplicationContext.invokeBeanFactoryPostProcessors(Lorg/springframework/beans/factory/config/ConfigurableListableBeanFactory;)V+5
j  org.springframework.context.support.AbstractApplicationContext.refresh()V+53
j  org.springframework.boot.web.servlet.context.ServletWebServerApplicationContext.refresh()V+1
j  org.springframework.boot.SpringApplication.refresh(Lorg/springframework/context/ConfigurableApplicationContext;)V+1
j  org.springframework.boot.SpringApplication.refresh(Lorg/springframework/context/ApplicationContext;)V+12
j  org.springframework.boot.SpringApplication.refreshContext(Lorg/springframework/context/ConfigurableApplicationContext;)V+19
j  org.springframework.boot.SpringApplication.run([Ljava/lang/String;)Lorg/springframework/context/ConfigurableApplicationContext;+111
j  org.springframework.boot.SpringApplication.run([Ljava/lang/Class;[Ljava/lang/String;)Lorg/springframework/context/ConfigurableApplicationContext;+9
j  org.springframework.boot.SpringApplication.run(Ljava/lang/Class;[Ljava/lang/String;)Lorg/springframework/context/ConfigurableApplicationContext;+9
j  br.com.apidigitalweb.ApiDigitalApplication.main([Ljava/lang/String;)V+3
v  ~StubRoutines::call_stub
V  [libjvm.so+0x7741b9]